<?xml version="1.0" encoding="UTF-8"?>
<testng-results ignored="0" total="5" passed="5" failed="0" skipped="0">
  <reporter-output>
  </reporter-output>
  <suite started-at="2026-04-26T17:48:12 IST" name="Default suite" finished-at="2026-04-26T17:49:10 IST" duration-ms="57728">
    <groups>
      <group name="cucumber">
        <method signature="AbstractTestNGCucumberTests.runScenario(io.cucumber.testng.PickleWrapper,io.cucumber.testng.FeatureWrapper)[pri:0, instance:runner.runner@192c3f1e]" name="runScenario" class="io.cucumber.testng.AbstractTestNGCucumberTests"/>
      </group> <!-- cucumber -->
    </groups>
    <test started-at="2026-04-26T17:48:12 IST" name="Default test" finished-at="2026-04-26T17:49:10 IST" duration-ms="57728">
      <class name="runner.runner">
        <test-method is-config="true" signature="setUpClass(org.testng.ITestContext)[pri:0, instance:runner.runner@192c3f1e]" started-at="2026-04-26T17:48:12 IST" name="setUpClass" finished-at="2026-04-26T17:48:13 IST" duration-ms="1001" status="PASS">
          <params>
            <param index="0">
              <value>
                <![CDATA[org.testng.TestRunner@249e0271]]>
              </value>
            </param>
          </params>
          <reporter-output>
          </reporter-output>
        </test-method> <!-- setUpClass -->
        <test-method signature="runScenario(io.cucumber.testng.PickleWrapper,io.cucumber.testng.FeatureWrapper)[pri:0, instance:runner.runner@192c3f1e]" started-at="2026-04-26T17:48:13 IST" name="runScenario" description="Runs Cucumber Scenarios" data-provider="scenarios" finished-at="2026-04-26T17:48:18 IST" duration-ms="5485" status="PASS">
          <params>
            <param index="0">
              <value>
                <![CDATA["Check the page"]]>
              </value>
            </param>
            <param index="1">
              <value>
                <![CDATA["Check the page opened correctly"]]>
              </value>
            </param>
          </params>
          <reporter-output>
          </reporter-output>
        </test-method> <!-- runScenario -->
        <test-method signature="runScenario(io.cucumber.testng.PickleWrapper,io.cucumber.testng.FeatureWrapper)[pri:0, instance:runner.runner@192c3f1e]" started-at="2026-04-26T17:48:18 IST" name="runScenario" description="Runs Cucumber Scenarios" data-provider="scenarios" finished-at="2026-04-26T17:48:29 IST" duration-ms="10893" status="PASS">
          <params>
            <param index="0">
              <value>
                <![CDATA["Check the page"]]>
              </value>
            </param>
            <param index="1">
              <value>
                <![CDATA["Check the page opened correctly"]]>
              </value>
            </param>
          </params>
          <reporter-output>
          </reporter-output>
        </test-method> <!-- runScenario -->
        <test-method signature="runScenario(io.cucumber.testng.PickleWrapper,io.cucumber.testng.FeatureWrapper)[pri:0, instance:runner.runner@192c3f1e]" started-at="2026-04-26T17:48:29 IST" name="runScenario" description="Runs Cucumber Scenarios" data-provider="scenarios" finished-at="2026-04-26T17:49:02 IST" duration-ms="32697" status="PASS">
          <params>
            <param index="0">
              <value>
                <![CDATA["Check the page"]]>
              </value>
            </param>
            <param index="1">
              <value>
                <![CDATA["Check the page opened correctly"]]>
              </value>
            </param>
          </params>
          <reporter-output>
          </reporter-output>
        </test-method> <!-- runScenario -->
        <test-method signature="runScenario(io.cucumber.testng.PickleWrapper,io.cucumber.testng.FeatureWrapper)[pri:0, instance:runner.runner@192c3f1e]" started-at="2026-04-26T17:49:02 IST" name="runScenario" description="Runs Cucumber Scenarios" data-provider="scenarios" finished-at="2026-04-26T17:49:04 IST" duration-ms="1700" status="PASS">
          <params>
            <param index="0">
              <value>
                <![CDATA["Check the page"]]>
              </value>
            </param>
            <param index="1">
              <value>
                <![CDATA["Check the page opened correctly"]]>
              </value>
            </param>
          </params>
          <reporter-output>
          </reporter-output>
        </test-method> <!-- runScenario -->
        <test-method signature="runScenario(io.cucumber.testng.PickleWrapper,io.cucumber.testng.FeatureWrapper)[pri:0, instance:runner.runner@192c3f1e]" started-at="2026-04-26T17:49:04 IST" name="runScenario" description="Runs Cucumber Scenarios" data-provider="scenarios" finished-at="2026-04-26T17:49:09 IST" duration-ms="5782" status="PASS">
          <params>
            <param index="0">
              <value>
                <![CDATA["Check the page"]]>
              </value>
            </param>
            <param index="1">
              <value>
                <![CDATA["Check the page opened correctly"]]>
              </value>
            </param>
          </params>
          <reporter-output>
          </reporter-output>
        </test-method> <!-- runScenario -->
        <test-method is-config="true" signature="tearDownClass()[pri:0, instance:runner.runner@192c3f1e]" started-at="2026-04-26T17:49:09 IST" name="tearDownClass" finished-at="2026-04-26T17:49:10 IST" duration-ms="77" status="PASS">
          <reporter-output>
          </reporter-output>
        </test-method> <!-- tearDownClass -->
      </class> <!-- runner.runner -->
    </test> <!-- Default test -->
  </suite> <!-- Default suite -->
</testng-results>
