<?xml version="1.0" encoding="UTF-8"?>
<!-- Generated by org.testng.reporters.JUnitReportReporter -->
<testsuite hostname="cexs-MacBook-Air.local" failures="0" tests="3" name="get.putpatchanddelete" time="3.836" errors="0" timestamp="2025-10-26T06:19:06 IST" skipped="0">
  <testcase classname="get.putpatchanddelete" name="patchTest" time="0.478"/>
  <testcase classname="get.putpatchanddelete" name="putTest" time="0.768"/>
  <testcase classname="get.putpatchanddelete" name="delete" time="2.590"/>
</testsuite> <!-- get.putpatchanddelete -->
