<?xml version="1.0" encoding="UTF-8"?>
<!-- Generated by org.testng.reporters.JUnitReportReporter -->
<testsuite hostname="Black-panther" failures="0" tests="5" name="runner.runner" time="56.557" errors="0" timestamp="2026-04-26T17:49:10 IST" skipped="0">
  <testcase classname="runner.runner" name="runScenario" time="5.485"/>
  <testcase classname="runner.runner" name="runScenario" time="32.697"/>
  <testcase classname="runner.runner" name="runScenario" time="5.782"/>
  <testcase classname="runner.runner" name="runScenario" time="10.893"/>
  <testcase classname="runner.runner" name="runScenario" time="1.700"/>
</testsuite> <!-- runner.runner -->
