<?xml version="1.0" encoding="UTF-8"?>
<testng-results ignored="0" total="3" passed="2" failed="1" skipped="0">
  <reporter-output>
  </reporter-output>
  <suite started-at="2025-06-17T23:03:54 IST" name="Suite" finished-at="2025-06-17T23:04:40 IST" duration-ms="46766">
    <groups>
    </groups>
    <test started-at="2025-06-17T23:03:54 IST" name="Test" finished-at="2025-06-17T23:04:40 IST" duration-ms="46766">
      <class name="amazonTests.AmazonDeals">
        <test-method is-config="true" signature="beforeClasss()[pri:0, instance:amazonTests.AmazonDeals@245b4bdc]" started-at="2025-06-17T23:03:54 IST" name="beforeClasss" finished-at="2025-06-17T23:04:00 IST" duration-ms="6740" status="PASS">
          <reporter-output>
          </reporter-output>
        </test-method> <!-- beforeClasss -->
        <test-method is-config="true" signature="beforeClass()[pri:0, instance:amazonTests.AmazonDeals@245b4bdc]" started-at="2025-06-17T23:04:01 IST" name="beforeClass" finished-at="2025-06-17T23:04:10 IST" duration-ms="8988" status="PASS">
          <reporter-output>
          </reporter-output>
        </test-method> <!-- beforeClass -->
        <test-method signature="checkDeals()[pri:0, instance:amazonTests.AmazonDeals@245b4bdc]" started-at="2025-06-17T23:04:10 IST" name="checkDeals" finished-at="2025-06-17T23:04:23 IST" duration-ms="13835" status="FAIL">
          <exception class="org.openqa.selenium.ElementClickInterceptedException">
            <message>
              <![CDATA[element click intercepted: Element <div class="title--3qM6_ title--X01QH titleAnchor--2TGNn doubleLinesTitle--ATRHO" data-id="TileTitle" role="button" tabindex="-1">...</div> is not clickable at point (1294, 573). Other element would receive the click: <a class="scroll-carousel_carouselControl__Id0y9 scroll-carousel_carouselHorizontalControl__1gDln scroll-carousel_feedRight__3tG5G" data-id="carouselControlFeedNext" aria-hidden="true"></a>
  (Session info: chrome=137.0.7151.104)
Build info: version: '4.32.0', revision: 'd17c8aa950'
System info: os.name: 'Windows 10', os.arch: 'amd64', os.version: '10.0', java.version: '17.0.1'
Driver info: org.openqa.selenium.chrome.ChromeDriver
Command: [2348748470c684ab6aada361e649167d, clickElement {id=f.5E98690521672DB0A7682A04B20C61A4.d.68582D98DF8BA838309A305C3BDADFD3.e.195}]
Capabilities {acceptInsecureCerts: false, browserName: chrome, browserVersion: 137.0.7151.104, chrome: {chromedriverVersion: 137.0.7151.70 (dfa4dc56b2ab..., userDataDir: C:\Users\DELL\AppData\Local...}, fedcm:accounts: true, goog:chromeOptions: {debuggerAddress: localhost:58343}, networkConnectionEnabled: false, pageLoadStrategy: normal, platformName: windows, proxy: Proxy(), se:cdp: ws://localhost:58343/devtoo..., se:cdpVersion: 137.0.7151.104, setWindowRect: true, strictFileInteractability: false, timeouts: {implicit: 10000, pageLoad: 300000, script: 30000}, unhandledPromptBehavior: dismiss and notify, webauthn:extension:credBlob: true, webauthn:extension:largeBlob: true, webauthn:extension:minPinLength: true, webauthn:extension:prf: true, webauthn:virtualAuthenticators: true}
Element: [[[[ChromeDriver: chrome on windows (2348748470c684ab6aada361e649167d)] -> css selector: div[aria-label='Entering Carousel Tile']:has(div[data-id='DealBadge'])]] -> css selector: [data-id='TileTitle']]
Session ID: 2348748470c684ab6aada361e649167d]]>
            </message>
            <full-stacktrace>
              <![CDATA[org.openqa.selenium.ElementClickInterceptedException: element click intercepted: Element <div class="title--3qM6_ title--X01QH titleAnchor--2TGNn doubleLinesTitle--ATRHO" data-id="TileTitle" role="button" tabindex="-1">...</div> is not clickable at point (1294, 573). Other element would receive the click: <a class="scroll-carousel_carouselControl__Id0y9 scroll-carousel_carouselHorizontalControl__1gDln scroll-carousel_feedRight__3tG5G" data-id="carouselControlFeedNext" aria-hidden="true"></a>
  (Session info: chrome=137.0.7151.104)
Build info: version: '4.32.0', revision: 'd17c8aa950'
System info: os.name: 'Windows 10', os.arch: 'amd64', os.version: '10.0', java.version: '17.0.1'
Driver info: org.openqa.selenium.chrome.ChromeDriver
Command: [2348748470c684ab6aada361e649167d, clickElement {id=f.5E98690521672DB0A7682A04B20C61A4.d.68582D98DF8BA838309A305C3BDADFD3.e.195}]
Capabilities {acceptInsecureCerts: false, browserName: chrome, browserVersion: 137.0.7151.104, chrome: {chromedriverVersion: 137.0.7151.70 (dfa4dc56b2ab..., userDataDir: C:\Users\DELL\AppData\Local...}, fedcm:accounts: true, goog:chromeOptions: {debuggerAddress: localhost:58343}, networkConnectionEnabled: false, pageLoadStrategy: normal, platformName: windows, proxy: Proxy(), se:cdp: ws://localhost:58343/devtoo..., se:cdpVersion: 137.0.7151.104, setWindowRect: true, strictFileInteractability: false, timeouts: {implicit: 10000, pageLoad: 300000, script: 30000}, unhandledPromptBehavior: dismiss and notify, webauthn:extension:credBlob: true, webauthn:extension:largeBlob: true, webauthn:extension:minPinLength: true, webauthn:extension:prf: true, webauthn:virtualAuthenticators: true}
Element: [[[[ChromeDriver: chrome on windows (2348748470c684ab6aada361e649167d)] -> css selector: div[aria-label='Entering Carousel Tile']:has(div[data-id='DealBadge'])]] -> css selector: [data-id='TileTitle']]
Session ID: 2348748470c684ab6aada361e649167d
at java.base/jdk.internal.reflect.NativeConstructorAccessorImpl.newInstance0(Native Method)
at java.base/jdk.internal.reflect.NativeConstructorAccessorImpl.newInstance(NativeConstructorAccessorImpl.java:77)
at java.base/jdk.internal.reflect.DelegatingConstructorAccessorImpl.newInstance(DelegatingConstructorAccessorImpl.java:45)
at java.base/java.lang.reflect.Constructor.newInstanceWithCaller(Constructor.java:499)
at java.base/java.lang.reflect.Constructor.newInstance(Constructor.java:480)
at org.openqa.selenium.remote.ErrorCodec.decode(ErrorCodec.java:167)
at org.openqa.selenium.remote.codec.w3c.W3CHttpResponseCodec.decode(W3CHttpResponseCodec.java:138)
at org.openqa.selenium.remote.codec.w3c.W3CHttpResponseCodec.decode(W3CHttpResponseCodec.java:50)
at org.openqa.selenium.remote.HttpCommandExecutor.execute(HttpCommandExecutor.java:215)
at org.openqa.selenium.remote.service.DriverCommandExecutor.invokeExecute(DriverCommandExecutor.java:216)
at org.openqa.selenium.remote.service.DriverCommandExecutor.execute(DriverCommandExecutor.java:174)
at org.openqa.selenium.remote.RemoteWebDriver.execute(RemoteWebDriver.java:545)
at org.openqa.selenium.remote.RemoteWebElement.execute(RemoteWebElement.java:223)
at org.openqa.selenium.remote.RemoteWebElement.click(RemoteWebElement.java:76)
at amazonTests.AmazonDeals.checkDeals(AmazonDeals.java:50)
at java.base/jdk.internal.reflect.NativeMethodAccessorImpl.invoke0(Native Method)
at java.base/jdk.internal.reflect.NativeMethodAccessorImpl.invoke(NativeMethodAccessorImpl.java:77)
at java.base/jdk.internal.reflect.DelegatingMethodAccessorImpl.invoke(DelegatingMethodAccessorImpl.java:43)
at java.base/java.lang.reflect.Method.invoke(Method.java:568)
at org.testng.internal.invokers.MethodInvocationHelper.invokeMethod(MethodInvocationHelper.java:141)
at org.testng.internal.invokers.TestInvoker.invokeMethod(TestInvoker.java:687)
at org.testng.internal.invokers.TestInvoker.invokeTestMethod(TestInvoker.java:230)
at org.testng.internal.invokers.MethodRunner.runInSequence(MethodRunner.java:63)
at org.testng.internal.invokers.TestInvoker$MethodInvocationAgent.invoke(TestInvoker.java:995)
at org.testng.internal.invokers.TestInvoker.invokeTestMethods(TestInvoker.java:203)
at org.testng.internal.invokers.TestMethodWorker.invokeTestMethods(TestMethodWorker.java:154)
at org.testng.internal.invokers.TestMethodWorker.run(TestMethodWorker.java:134)
at java.base/java.util.ArrayList.forEach(ArrayList.java:1511)
at org.testng.TestRunner.privateRun(TestRunner.java:741)
at org.testng.TestRunner.run(TestRunner.java:616)
at org.testng.SuiteRunner.runTest(SuiteRunner.java:421)
at org.testng.SuiteRunner.runSequentially(SuiteRunner.java:413)
at org.testng.SuiteRunner.privateRun(SuiteRunner.java:373)
at org.testng.SuiteRunner.run(SuiteRunner.java:312)
at org.testng.SuiteRunnerWorker.runSuite(SuiteRunnerWorker.java:52)
at org.testng.SuiteRunnerWorker.run(SuiteRunnerWorker.java:95)
at org.testng.TestNG.runSuitesSequentially(TestNG.java:1274)
at org.testng.TestNG.runSuitesLocally(TestNG.java:1208)
at org.testng.TestNG.runSuites(TestNG.java:1112)
at org.testng.TestNG.run(TestNG.java:1079)
at org.apache.maven.surefire.testng.TestNGExecutor.run(TestNGExecutor.java:308)
at org.apache.maven.surefire.testng.TestNGXmlTestSuite.execute(TestNGXmlTestSuite.java:71)
at org.apache.maven.surefire.testng.TestNGProvider.invoke(TestNGProvider.java:113)
at org.apache.maven.surefire.booter.ForkedBooter.runSuitesInProcess(ForkedBooter.java:385)
at org.apache.maven.surefire.booter.ForkedBooter.execute(ForkedBooter.java:162)
at org.apache.maven.surefire.booter.ForkedBooter.run(ForkedBooter.java:507)
at org.apache.maven.surefire.booter.ForkedBooter.main(ForkedBooter.java:495)
]]>
            </full-stacktrace>
          </exception> <!-- org.openqa.selenium.ElementClickInterceptedException -->
          <reporter-output>
          </reporter-output>
        </test-method> <!-- checkDeals -->
        <test-method is-config="true" signature="beforeClass()[pri:0, instance:amazonTests.AmazonDeals@245b4bdc]" started-at="2025-06-17T23:04:25 IST" name="beforeClass" finished-at="2025-06-17T23:04:27 IST" duration-ms="1977" status="PASS">
          <reporter-output>
          </reporter-output>
        </test-method> <!-- beforeClass -->
        <test-method signature="clickDeals()[pri:0, instance:amazonTests.AmazonDeals@245b4bdc]" started-at="2025-06-17T23:04:27 IST" name="clickDeals" finished-at="2025-06-17T23:04:27 IST" duration-ms="1" status="PASS">
          <reporter-output>
          </reporter-output>
        </test-method> <!-- clickDeals -->
        <test-method is-config="true" signature="afterClasss()[pri:0, instance:amazonTests.AmazonDeals@245b4bdc]" started-at="2025-06-17T23:04:38 IST" name="afterClasss" finished-at="2025-06-17T23:04:40 IST" duration-ms="1940" status="PASS">
          <reporter-output>
          </reporter-output>
        </test-method> <!-- afterClasss -->
      </class> <!-- amazonTests.AmazonDeals -->
      <class name="amazonTests.MXPlayer">
        <test-method is-config="true" signature="beforeClass()[pri:0, instance:amazonTests.MXPlayer@5158b42f]" started-at="2025-06-17T23:04:28 IST" name="beforeClass" finished-at="2025-06-17T23:04:31 IST" duration-ms="2614" status="PASS">
          <reporter-output>
          </reporter-output>
        </test-method> <!-- beforeClass -->
        <test-method signature="clickAmazonBasics()[pri:0, instance:amazonTests.MXPlayer@5158b42f]" started-at="2025-06-17T23:04:31 IST" name="clickAmazonBasics" finished-at="2025-06-17T23:04:38 IST" duration-ms="6828" status="PASS">
          <reporter-output>
          </reporter-output>
        </test-method> <!-- clickAmazonBasics -->
      </class> <!-- amazonTests.MXPlayer -->
    </test> <!-- Test -->
  </suite> <!-- Suite -->
</testng-results>
