<?xml version="1.0" encoding="UTF-8"?>
<testng-results ignored="0" total="2" passed="2" failed="0" skipped="0">
  <reporter-output>
  </reporter-output>
  <suite started-at="2025-11-29T00:28:29 IST" name="Default suite" finished-at="2025-11-29T00:28:31 IST" duration-ms="1380">
    <groups>
    </groups>
    <test started-at="2025-11-29T00:28:29 IST" name="Default test" finished-at="2025-11-29T00:28:31 IST" duration-ms="1380">
      <class name="demosite.datepicker">
        <test-method is-config="true" signature="navigation()[pri:0, instance:demosite.datepicker@4d1bf319]" started-at="2025-11-29T00:28:22 IST" name="navigation" finished-at="2025-11-29T00:28:29 IST" duration-ms="6874" status="PASS">
          <reporter-output>
          </reporter-output>
        </test-method> <!-- navigation -->
        <test-method signature="datepick()[pri:1, instance:demosite.datepicker@4d1bf319]" started-at="2025-11-29T00:28:30 IST" name="datepick" finished-at="2025-11-29T00:28:30 IST" duration-ms="607" status="PASS">
          <reporter-output>
          </reporter-output>
        </test-method> <!-- datepick -->
        <test-method signature="datepickEnable()[pri:2, instance:demosite.datepicker@4d1bf319]" started-at="2025-11-29T00:28:30 IST" name="datepickEnable" finished-at="2025-11-29T00:28:31 IST" duration-ms="325" status="PASS">
          <reporter-output>
          </reporter-output>
        </test-method> <!-- datepickEnable -->
      </class> <!-- demosite.datepicker -->
    </test> <!-- Default test -->
  </suite> <!-- Default suite -->
</testng-results>
