<?xml version="1.0" encoding="UTF-8"?>
<testng-results ignored="0" total="3" passed="3" failed="0" skipped="0">
  <reporter-output>
  </reporter-output>
  <suite started-at="2025-06-17T23:07:54 IST" name="Suite" finished-at="2025-06-17T23:08:21 IST" duration-ms="26985">
    <groups>
    </groups>
    <test started-at="2025-06-17T23:07:54 IST" name="Test" finished-at="2025-06-17T23:08:21 IST" duration-ms="26985">
      <class name="amazonTests.AmazonDeals">
        <test-method is-config="true" signature="beforeClasss()[pri:0, instance:amazonTests.AmazonDeals@245b4bdc]" started-at="2025-06-17T23:07:54 IST" name="beforeClasss" finished-at="2025-06-17T23:07:57 IST" duration-ms="3376" status="PASS">
          <reporter-output>
          </reporter-output>
        </test-method> <!-- beforeClasss -->
        <test-method is-config="true" signature="beforeClass()[pri:0, instance:amazonTests.AmazonDeals@245b4bdc]" started-at="2025-06-17T23:07:57 IST" name="beforeClass" finished-at="2025-06-17T23:08:05 IST" duration-ms="7248" status="PASS">
          <reporter-output>
          </reporter-output>
        </test-method> <!-- beforeClass -->
        <test-method signature="checkDeals()[pri:0, instance:amazonTests.AmazonDeals@245b4bdc]" started-at="2025-06-17T23:08:05 IST" name="checkDeals" finished-at="2025-06-17T23:08:06 IST" duration-ms="1276" status="PASS">
          <reporter-output>
          </reporter-output>
        </test-method> <!-- checkDeals -->
        <test-method is-config="true" signature="beforeClass()[pri:0, instance:amazonTests.AmazonDeals@245b4bdc]" started-at="2025-06-17T23:08:06 IST" name="beforeClass" finished-at="2025-06-17T23:08:10 IST" duration-ms="3718" status="PASS">
          <reporter-output>
          </reporter-output>
        </test-method> <!-- beforeClass -->
        <test-method signature="clickDeals()[pri:0, instance:amazonTests.AmazonDeals@245b4bdc]" started-at="2025-06-17T23:08:10 IST" name="clickDeals" finished-at="2025-06-17T23:08:10 IST" duration-ms="0" status="PASS">
          <reporter-output>
          </reporter-output>
        </test-method> <!-- clickDeals -->
        <test-method is-config="true" signature="afterClasss()[pri:0, instance:amazonTests.AmazonDeals@245b4bdc]" started-at="2025-06-17T23:08:20 IST" name="afterClasss" finished-at="2025-06-17T23:08:21 IST" duration-ms="852" status="PASS">
          <reporter-output>
          </reporter-output>
        </test-method> <!-- afterClasss -->
      </class> <!-- amazonTests.AmazonDeals -->
      <class name="amazonTests.MXPlayer">
        <test-method is-config="true" signature="beforeClass()[pri:0, instance:amazonTests.MXPlayer@5158b42f]" started-at="2025-06-17T23:08:12 IST" name="beforeClass" finished-at="2025-06-17T23:08:14 IST" duration-ms="2462" status="PASS">
          <reporter-output>
          </reporter-output>
        </test-method> <!-- beforeClass -->
        <test-method signature="clickAmazonBasics()[pri:0, instance:amazonTests.MXPlayer@5158b42f]" started-at="2025-06-17T23:08:14 IST" name="clickAmazonBasics" finished-at="2025-06-17T23:08:20 IST" duration-ms="5485" status="PASS">
          <reporter-output>
          </reporter-output>
        </test-method> <!-- clickAmazonBasics -->
      </class> <!-- amazonTests.MXPlayer -->
    </test> <!-- Test -->
  </suite> <!-- Suite -->
</testng-results>
