<?xml version="1.0" encoding="UTF-8"?>
<!-- Generated by org.testng.reporters.JUnitXMLReporter -->
<testsuite ignored="0" hostname="Divya-Arunkumar" failures="0" tests="4" name="DummyTest" time="0.226" errors="0" timestamp="2025-06-17T16:57:19 IST">
  <testcase classname="dummyTests.TestB" name="test3ofTestB" time="0.014"/>
  <testcase classname="dummyTests.TestB" name="test4ofTestB" time="0.007"/>
  <testcase classname="dummyTests.TestA" name="test1ofTestA" time="0.003"/>
  <testcase classname="dummyTests.TestA" name="test2ofTestA" time="0.004"/>
</testsuite> <!-- DummyTest -->
