<?xml version="1.0" encoding="UTF-8"?>
<testng-results ignored="0" total="4" passed="4" failed="0" skipped="0">
  <reporter-output>
  </reporter-output>
  <suite started-at="2025-12-18T12:02:08 IST" name="Default suite" finished-at="2025-12-18T12:03:02 IST" duration-ms="54304">
    <groups>
    </groups>
    <test started-at="2025-12-18T12:02:08 IST" name="Default test" finished-at="2025-12-18T12:03:02 IST" duration-ms="54304">
      <class name="com.Testng.TestNGDataprovider">
        <test-method signature="login(java.lang.String,java.lang.String)[pri:0, instance:com.Testng.TestNGDataprovider@7b9a4292]" started-at="2025-12-18T12:02:14 IST" name="login" data-provider="ExcelDataProvider" finished-at="2025-12-18T12:02:28 IST" duration-ms="13956" status="PASS">
          <params>
            <param index="0">
              <value>
                <![CDATA[Admin]]>
              </value>
            </param>
            <param index="1">
              <value>
                <![CDATA[admin123]]>
              </value>
            </param>
          </params>
          <reporter-output>
          </reporter-output>
        </test-method> <!-- login -->
        <test-method signature="login(java.lang.String,java.lang.String)[pri:0, instance:com.Testng.TestNGDataprovider@7b9a4292]" started-at="2025-12-18T12:02:28 IST" name="login" data-provider="ExcelDataProvider" finished-at="2025-12-18T12:02:39 IST" duration-ms="11645" status="PASS">
          <params>
            <param index="0">
              <value>
                <![CDATA[ ]]>
              </value>
            </param>
            <param index="1">
              <value>
                <![CDATA[ ]]>
              </value>
            </param>
          </params>
          <reporter-output>
          </reporter-output>
        </test-method> <!-- login -->
        <test-method signature="login(java.lang.String,java.lang.String)[pri:0, instance:com.Testng.TestNGDataprovider@7b9a4292]" started-at="2025-12-18T12:02:39 IST" name="login" data-provider="ExcelDataProvider" finished-at="2025-12-18T12:02:51 IST" duration-ms="11486" status="PASS">
          <params>
            <param index="0">
              <value>
                <![CDATA[Admin]]>
              </value>
            </param>
            <param index="1">
              <value>
                <![CDATA[men123]]>
              </value>
            </param>
          </params>
          <reporter-output>
          </reporter-output>
        </test-method> <!-- login -->
        <test-method signature="login(java.lang.String,java.lang.String)[pri:0, instance:com.Testng.TestNGDataprovider@7b9a4292]" started-at="2025-12-18T12:02:51 IST" name="login" data-provider="ExcelDataProvider" finished-at="2025-12-18T12:03:02 IST" duration-ms="11481" status="PASS">
          <params>
            <param index="0">
              <value>
                <![CDATA[ABC]]>
              </value>
            </param>
            <param index="1">
              <value>
                <![CDATA[woman345]]>
              </value>
            </param>
          </params>
          <reporter-output>
          </reporter-output>
        </test-method> <!-- login -->
      </class> <!-- com.Testng.TestNGDataprovider -->
    </test> <!-- Default test -->
  </suite> <!-- Default suite -->
</testng-results>
