<?xml version="1.0" encoding="UTF-8"?>
<!-- Generated by org.testng.reporters.JUnitReportReporter -->
<testsuite hostname="cexs-MacBook-Air.local" failures="0" tests="3" name="com.Testng.simpleAnnotations" time="0.030" errors="0" timestamp="2025-12-17T00:46:07 IST" skipped="0">
  <testcase classname="com.Testng.simpleAnnotations" name="kids" time="0.018"/>
  <testcase classname="com.Testng.simpleAnnotations" name="woman" time="0.006"/>
  <testcase classname="com.Testng.simpleAnnotations" name="mens" time="0.006"/>
</testsuite> <!-- com.Testng.simpleAnnotations -->
