<?xml version="1.0" encoding="UTF-8"?>
<!-- Generated by org.testng.reporters.JUnitReportReporter -->
<testsuite hostname="cexs-MacBook-Air.local" failures="0" tests="5" name="com.Testng.DependsOnMethod" time="0.026" errors="0" timestamp="2025-12-17T00:46:59 IST" skipped="0">
  <testcase classname="com.Testng.DependsOnMethod" name="searchpage" time="0.002"/>
  <testcase classname="com.Testng.DependsOnMethod" name="Search_Product" time="0.002"/>
  <testcase classname="com.Testng.DependsOnMethod" name="logout" time="0.003"/>
  <testcase classname="com.Testng.DependsOnMethod" name="login" time="0.003"/>
  <testcase classname="com.Testng.DependsOnMethod" name="addtoCartpage" time="0.016"/>
</testsuite> <!-- com.Testng.DependsOnMethod -->
