<?xml version="1.0" encoding="UTF-8"?>
<!-- Generated by org.testng.reporters.JUnitReportReporter -->
<testsuite hostname="cexs-MacBook-Air.local" failures="0" tests="4" name="com.Testng.TestNGDataprovider" time="48.568" errors="0" timestamp="2025-12-18T12:03:03 IST" skipped="0">
  <testcase classname="com.Testng.TestNGDataprovider" name="login" time="11.645"/>
  <testcase classname="com.Testng.TestNGDataprovider" name="login" time="13.956"/>
  <testcase classname="com.Testng.TestNGDataprovider" name="login" time="11.486"/>
  <testcase classname="com.Testng.TestNGDataprovider" name="login" time="11.481"/>
</testsuite> <!-- com.Testng.TestNGDataprovider -->
