<?xml version="1.0" encoding="UTF-8"?>
<testsuite xmlns:xsi="http://www.w3.org/2001/XMLSchema-instance" xsi:noNamespaceSchemaLocation="https://maven.apache.org/surefire/maven-surefire-plugin/xsd/surefire-test-report.xsd" version="3.0.2" name="TestSuite" time="38.976" tests="3" errors="0" skipped="0" failures="1">
  <properties>
[...]
</properties>
  <testcase name="checkDeals" classname="amazonTests.AmazonDeals" time="12.075">
    <failure message="element click intercepted: Element &lt;div class=&quot;title--3qM6_ title--X01QH titleAnchor--2TGNn doubleLinesTitle--ATRHO&quot; data-id=&quot;TileTitle&quot; role=&quot;button&quot; tabindex=&quot;-1&quot;&gt;...&lt;/div&gt; is not clickable at point (1294, 474). Other element would receive the click: &lt;a class=&quot;scroll-carousel_carouselControl__Id0y9 scroll-carousel_carouselHorizontalControl__1gDln scroll-carousel_feedRight__3tG5G&quot; data-id=&quot;carouselControlFeedNext&quot; aria-hidden=&quot;true&quot;&gt;&lt;/a&gt;&#10;  (Session info: chrome=137.0.7151.104)&#10;Build info: version: &apos;4.32.0&apos;, revision: &apos;d17c8aa950&apos;&#10;System info: os.name: &apos;Windows 10&apos;, os.arch: &apos;amd64&apos;, os.version: &apos;10.0&apos;, java.version: &apos;17.0.1&apos;&#10;Driver info: org.openqa.selenium.chrome.ChromeDriver&#10;Command: [7a78618671df599de4164ef56a5d89f5, clickElement {id=f.4743EB02003EABC52CFCF74B8AD21722.d.97B7CDE8AEAC96011329A615016D09B7.e.114}]&#10;Capabilities {acceptInsecureCerts: false, browserName: chrome, browserVersion: 137.0.7151.104, chrome: {chromedriverVersion: 137.0.7151.70 (dfa4dc56b2ab..., userDataDir: C:\Users\DELL\AppData\Local...}, fedcm:accounts: true, goog:chromeOptions: {debuggerAddress: localhost:58891}, networkConnectionEnabled: false, pageLoadStrategy: normal, platformName: windows, proxy: Proxy(), se:cdp: ws://localhost:58891/devtoo..., se:cdpVersion: 137.0.7151.104, setWindowRect: true, strictFileInteractability: false, timeouts: {implicit: 10000, pageLoad: 300000, script: 30000}, unhandledPromptBehavior: dismiss and notify, webauthn:extension:credBlob: true, webauthn:extension:largeBlob: true, webauthn:extension:minPinLength: true, webauthn:extension:prf: true, webauthn:virtualAuthenticators: true}&#10;Element: [[[[ChromeDriver: chrome on windows (7a78618671df599de4164ef56a5d89f5)] -&gt; css selector: div[aria-label=&apos;Entering Carousel Tile&apos;]:has(div[data-id=&apos;DealBadge&apos;])]] -&gt; css selector: [data-id=&apos;TileTitle&apos;]]&#10;Session ID: 7a78618671df599de4164ef56a5d89f5" type="org.openqa.selenium.ElementClickInterceptedException"><![CDATA[org.openqa.selenium.ElementClickInterceptedException: 
element click intercepted: Element <div class="title--3qM6_ title--X01QH titleAnchor--2TGNn doubleLinesTitle--ATRHO" data-id="TileTitle" role="button" tabindex="-1">...</div> is not clickable at point (1294, 474). Other element would receive the click: <a class="scroll-carousel_carouselControl__Id0y9 scroll-carousel_carouselHorizontalControl__1gDln scroll-carousel_feedRight__3tG5G" data-id="carouselControlFeedNext" aria-hidden="true"></a>
  (Session info: chrome=137.0.7151.104)
Build info: version: '4.32.0', revision: 'd17c8aa950'
System info: os.name: 'Windows 10', os.arch: 'amd64', os.version: '10.0', java.version: '17.0.1'
Driver info: org.openqa.selenium.chrome.ChromeDriver
Command: [7a78618671df599de4164ef56a5d89f5, clickElement {id=f.4743EB02003EABC52CFCF74B8AD21722.d.97B7CDE8AEAC96011329A615016D09B7.e.114}]
Capabilities {acceptInsecureCerts: false, browserName: chrome, browserVersion: 137.0.7151.104, chrome: {chromedriverVersion: 137.0.7151.70 (dfa4dc56b2ab..., userDataDir: C:\Users\DELL\AppData\Local...}, fedcm:accounts: true, goog:chromeOptions: {debuggerAddress: localhost:58891}, networkConnectionEnabled: false, pageLoadStrategy: normal, platformName: windows, proxy: Proxy(), se:cdp: ws://localhost:58891/devtoo..., se:cdpVersion: 137.0.7151.104, setWindowRect: true, strictFileInteractability: false, timeouts: {implicit: 10000, pageLoad: 300000, script: 30000}, unhandledPromptBehavior: dismiss and notify, webauthn:extension:credBlob: true, webauthn:extension:largeBlob: true, webauthn:extension:minPinLength: true, webauthn:extension:prf: true, webauthn:virtualAuthenticators: true}
Element: [[[[ChromeDriver: chrome on windows (7a78618671df599de4164ef56a5d89f5)] -> css selector: div[aria-label='Entering Carousel Tile']:has(div[data-id='DealBadge'])]] -> css selector: [data-id='TileTitle']]
Session ID: 7a78618671df599de4164ef56a5d89f5
	at java.base/jdk.internal.reflect.NativeConstructorAccessorImpl.newInstance0(Native Method)
	at java.base/jdk.internal.reflect.NativeConstructorAccessorImpl.newInstance(NativeConstructorAccessorImpl.java:77)
	at java.base/jdk.internal.reflect.DelegatingConstructorAccessorImpl.newInstance(DelegatingConstructorAccessorImpl.java:45)
	at java.base/java.lang.reflect.Constructor.newInstanceWithCaller(Constructor.java:499)
	at java.base/java.lang.reflect.Constructor.newInstance(Constructor.java:480)
	at org.openqa.selenium.remote.ErrorCodec.decode(ErrorCodec.java:167)
	at org.openqa.selenium.remote.codec.w3c.W3CHttpResponseCodec.decode(W3CHttpResponseCodec.java:138)
	at org.openqa.selenium.remote.codec.w3c.W3CHttpResponseCodec.decode(W3CHttpResponseCodec.java:50)
	at org.openqa.selenium.remote.HttpCommandExecutor.execute(HttpCommandExecutor.java:215)
	at org.openqa.selenium.remote.service.DriverCommandExecutor.invokeExecute(DriverCommandExecutor.java:216)
	at org.openqa.selenium.remote.service.DriverCommandExecutor.execute(DriverCommandExecutor.java:174)
	at org.openqa.selenium.remote.RemoteWebDriver.execute(RemoteWebDriver.java:545)
	at org.openqa.selenium.remote.RemoteWebElement.execute(RemoteWebElement.java:223)
	at org.openqa.selenium.remote.RemoteWebElement.click(RemoteWebElement.java:76)
	at amazonTests.AmazonDeals.checkDeals(AmazonDeals.java:56)
	at java.base/jdk.internal.reflect.NativeMethodAccessorImpl.invoke0(Native Method)
	at java.base/jdk.internal.reflect.NativeMethodAccessorImpl.invoke(NativeMethodAccessorImpl.java:77)
	at java.base/jdk.internal.reflect.DelegatingMethodAccessorImpl.invoke(DelegatingMethodAccessorImpl.java:43)
	at java.base/java.lang.reflect.Method.invoke(Method.java:568)
	at org.testng.internal.invokers.MethodInvocationHelper.invokeMethod(MethodInvocationHelper.java:141)
	at org.testng.internal.invokers.TestInvoker.invokeMethod(TestInvoker.java:687)
	at org.testng.internal.invokers.TestInvoker.invokeTestMethod(TestInvoker.java:230)
	at org.testng.internal.invokers.MethodRunner.runInSequence(MethodRunner.java:63)
	at org.testng.internal.invokers.TestInvoker$MethodInvocationAgent.invoke(TestInvoker.java:995)
	at org.testng.internal.invokers.TestInvoker.invokeTestMethods(TestInvoker.java:203)
	at org.testng.internal.invokers.TestMethodWorker.invokeTestMethods(TestMethodWorker.java:154)
	at org.testng.internal.invokers.TestMethodWorker.run(TestMethodWorker.java:134)
	at java.base/java.util.ArrayList.forEach(ArrayList.java:1511)
	at org.testng.TestRunner.privateRun(TestRunner.java:741)
	at org.testng.TestRunner.run(TestRunner.java:616)
	at org.testng.SuiteRunner.runTest(SuiteRunner.java:421)
	at org.testng.SuiteRunner.runSequentially(SuiteRunner.java:413)
	at org.testng.SuiteRunner.privateRun(SuiteRunner.java:373)
	at org.testng.SuiteRunner.run(SuiteRunner.java:312)
	at org.testng.SuiteRunnerWorker.runSuite(SuiteRunnerWorker.java:52)
	at org.testng.SuiteRunnerWorker.run(SuiteRunnerWorker.java:95)
	at org.testng.TestNG.runSuitesSequentially(TestNG.java:1274)
	at org.testng.TestNG.runSuitesLocally(TestNG.java:1208)
	at org.testng.TestNG.runSuites(TestNG.java:1112)
	at org.testng.TestNG.run(TestNG.java:1079)
	at org.apache.maven.surefire.testng.TestNGExecutor.run(TestNGExecutor.java:308)
	at org.apache.maven.surefire.testng.TestNGXmlTestSuite.execute(TestNGXmlTestSuite.java:71)
	at org.apache.maven.surefire.testng.TestNGProvider.invoke(TestNGProvider.java:113)
	at org.apache.maven.surefire.booter.ForkedBooter.runSuitesInProcess(ForkedBooter.java:385)
	at org.apache.maven.surefire.booter.ForkedBooter.execute(ForkedBooter.java:162)
	at org.apache.maven.surefire.booter.ForkedBooter.run(ForkedBooter.java:507)
	at org.apache.maven.surefire.booter.ForkedBooter.main(ForkedBooter.java:495)
]]></failure>
    <system-out><![CDATA[local , chrome
iam before class - amazon test
Total deals in Amazon Live is : 15
firsteleme>>>>>JDX Cushions | Hotel Quality Premium Polyester Fibre Sofa Cushions Set of 5 | Cushion 16 inch x 16 inch | Sofa Pillow, Cushion, Cushions for Sofa, Cushion Pillow, Sofa Pillow, Cushions for Bed, White
29% off
Limited time deal
Deal price is ₹709.00
₹70900
List price is
₹999.00
lasteleme>>>>>Fabrilia Floral Net Semi Transparent Door Semi Sheer Grommet Curtains 7 Feet Set Of 2, White
39% off
Limited time deal
Deal price is ₹549.00
₹54900
List price is
₹899.00

acting on 0
>>JDX
product is :JDX Cushions | Hotel Quality Premium Polyester Fibre Sofa Cushions Set of 5 | Cushion 16 inch x 16 inch | Sofa Pillow, Cushion, Cushions for Sofa, Cushion Pillow, Sofa Pillow, Cushions for Bed, White
percent is :29% off
Limited time deal

acting on 1
>>Kuber
product is :Kuber Industries Dining Table Cover 6 Seater|Transparent Dining Table Cover
percent is :11% off
Limited time deal
]]></system-out>
    <system-err><![CDATA[SLF4J(W): No SLF4J providers were found.
SLF4J(W): Defaulting to no-operation (NOP) logger implementation
SLF4J(W): See https://www.slf4j.org/codes.html#noProviders for further details.
Jun 17, 2025 11:13:11 PM org.openqa.selenium.devtools.CdpVersionFinder findNearestMatch
WARNING: Unable to find an exact match for CDP version 137, returning the closest version; found: 136; Please update to a Selenium version that supports CDP version 137
]]></system-err>
  </testcase>
  <testcase name="clickDeals" classname="amazonTests.AmazonDeals" time="0.002">
    <system-out><![CDATA[Screenshot captured for failed test: checkDeals
Screenshot path: E:\eclipse\workspace\SeleniumCI/screenshots/checkDeals_20250617231328.png
iam before class - amazon test
]]></system-out>
  </testcase>
  <testcase name="clickAmazonBasics" classname="amazonTests.MXPlayer" time="7.572">
    <system-out><![CDATA[Screenshot captured for failed test: clickDeals
Screenshot path: E:\eclipse\workspace\SeleniumCI/screenshots/clickDeals_20250617231332.png
iam before class - amazon test
]]></system-out>
  </testcase>
</testsuite>