<?xml version="1.0" encoding="UTF-8"?>
<testng-results ignored="0" total="4" passed="4" failed="0" skipped="0">
  <reporter-output>
  </reporter-output>
  <suite started-at="2025-06-17T17:14:53 IST" name="Suite" finished-at="2025-06-17T17:14:54 IST" duration-ms="383">
    <groups>
    </groups>
    <test started-at="2025-06-17T17:14:53 IST" name="Test1" finished-at="2025-06-17T17:14:53 IST" duration-ms="153">
      <class name="dummyTests.TestC">
        <test-method is-config="true" signature="beforeTest()[pri:0, instance:dummyTests.TestC@6025e1b6]" started-at="2025-06-17T17:14:53 IST" name="beforeTest" finished-at="2025-06-17T17:14:53 IST" duration-ms="3" status="PASS">
          <reporter-output>
          </reporter-output>
        </test-method> <!-- beforeTest -->
        <test-method is-config="true" signature="afterTest()[pri:0, instance:dummyTests.TestC@6025e1b6]" started-at="2025-06-17T17:14:53 IST" name="afterTest" finished-at="2025-06-17T17:14:53 IST" duration-ms="1" status="PASS">
          <reporter-output>
          </reporter-output>
        </test-method> <!-- afterTest -->
      </class> <!-- dummyTests.TestC -->
      <class name="dummyTests.TestB">
        <test-method is-config="true" signature="beforeClass()[pri:0, instance:dummyTests.TestB@22555ebf]" started-at="2025-06-17T17:14:53 IST" name="beforeClass" finished-at="2025-06-17T17:14:53 IST" duration-ms="1" status="PASS">
          <reporter-output>
          </reporter-output>
        </test-method> <!-- beforeClass -->
        <test-method is-config="true" signature="beforeMethod()[pri:0, instance:dummyTests.TestB@22555ebf]" started-at="2025-06-17T17:14:53 IST" name="beforeMethod" finished-at="2025-06-17T17:14:53 IST" duration-ms="1" status="PASS">
          <reporter-output>
          </reporter-output>
        </test-method> <!-- beforeMethod -->
        <test-method signature="test3ofTestB()[pri:0, instance:dummyTests.TestB@22555ebf]" started-at="2025-06-17T17:14:53 IST" name="test3ofTestB" finished-at="2025-06-17T17:14:53 IST" duration-ms="18" status="PASS">
          <reporter-output>
          </reporter-output>
        </test-method> <!-- test3ofTestB -->
        <test-method is-config="true" signature="afterMethod()[pri:0, instance:dummyTests.TestB@22555ebf]" started-at="2025-06-17T17:14:53 IST" name="afterMethod" finished-at="2025-06-17T17:14:53 IST" duration-ms="1" status="PASS">
          <reporter-output>
          </reporter-output>
        </test-method> <!-- afterMethod -->
        <test-method is-config="true" signature="beforeMethod()[pri:0, instance:dummyTests.TestB@22555ebf]" started-at="2025-06-17T17:14:53 IST" name="beforeMethod" finished-at="2025-06-17T17:14:53 IST" duration-ms="1" status="PASS">
          <reporter-output>
          </reporter-output>
        </test-method> <!-- beforeMethod -->
        <test-method signature="test4ofTestB()[pri:0, instance:dummyTests.TestB@22555ebf]" started-at="2025-06-17T17:14:53 IST" name="test4ofTestB" finished-at="2025-06-17T17:14:53 IST" duration-ms="6" status="PASS">
          <reporter-output>
          </reporter-output>
        </test-method> <!-- test4ofTestB -->
        <test-method is-config="true" signature="afterMethod()[pri:0, instance:dummyTests.TestB@22555ebf]" started-at="2025-06-17T17:14:53 IST" name="afterMethod" finished-at="2025-06-17T17:14:53 IST" duration-ms="1" status="PASS">
          <reporter-output>
          </reporter-output>
        </test-method> <!-- afterMethod -->
        <test-method is-config="true" signature="afterClass()[pri:0, instance:dummyTests.TestB@22555ebf]" started-at="2025-06-17T17:14:53 IST" name="afterClass" finished-at="2025-06-17T17:14:53 IST" duration-ms="1" status="PASS">
          <reporter-output>
          </reporter-output>
        </test-method> <!-- afterClass -->
      </class> <!-- dummyTests.TestB -->
    </test> <!-- Test1 -->
    <test started-at="2025-06-17T17:14:54 IST" name="Test2" finished-at="2025-06-17T17:14:54 IST" duration-ms="51">
      <class name="dummyTests.TestC">
        <test-method is-config="true" signature="beforeSuite()[pri:0, instance:dummyTests.TestC@6025e1b6]" started-at="2025-06-17T17:14:53 IST" name="beforeSuite" finished-at="2025-06-17T17:14:53 IST" duration-ms="31" status="PASS">
          <reporter-output>
          </reporter-output>
        </test-method> <!-- beforeSuite -->
        <test-method is-config="true" signature="afterSuite()[pri:0, instance:dummyTests.TestC@6025e1b6]" started-at="2025-06-17T17:14:54 IST" name="afterSuite" finished-at="2025-06-17T17:14:54 IST" duration-ms="1" status="PASS">
          <reporter-output>
          </reporter-output>
        </test-method> <!-- afterSuite -->
      </class> <!-- dummyTests.TestC -->
      <class name="dummyTests.TestA">
        <test-method is-config="true" signature="beforeClass()[pri:0, instance:dummyTests.TestA@65e98b1c]" started-at="2025-06-17T17:14:54 IST" name="beforeClass" finished-at="2025-06-17T17:14:54 IST" duration-ms="2" status="PASS">
          <reporter-output>
          </reporter-output>
        </test-method> <!-- beforeClass -->
        <test-method is-config="true" signature="beforeMethod()[pri:0, instance:dummyTests.TestA@65e98b1c]" started-at="2025-06-17T17:14:54 IST" name="beforeMethod" finished-at="2025-06-17T17:14:54 IST" duration-ms="1" status="PASS">
          <reporter-output>
          </reporter-output>
        </test-method> <!-- beforeMethod -->
        <test-method signature="test1ofTestA()[pri:0, instance:dummyTests.TestA@65e98b1c]" started-at="2025-06-17T17:14:54 IST" name="test1ofTestA" finished-at="2025-06-17T17:14:54 IST" duration-ms="5" status="PASS">
          <reporter-output>
          </reporter-output>
        </test-method> <!-- test1ofTestA -->
        <test-method is-config="true" signature="afterMethod()[pri:0, instance:dummyTests.TestA@65e98b1c]" started-at="2025-06-17T17:14:54 IST" name="afterMethod" finished-at="2025-06-17T17:14:54 IST" duration-ms="0" status="PASS">
          <reporter-output>
          </reporter-output>
        </test-method> <!-- afterMethod -->
        <test-method is-config="true" signature="beforeMethod()[pri:0, instance:dummyTests.TestA@65e98b1c]" started-at="2025-06-17T17:14:54 IST" name="beforeMethod" finished-at="2025-06-17T17:14:54 IST" duration-ms="3" status="PASS">
          <reporter-output>
          </reporter-output>
        </test-method> <!-- beforeMethod -->
        <test-method signature="test2ofTestA()[pri:0, instance:dummyTests.TestA@65e98b1c]" started-at="2025-06-17T17:14:54 IST" name="test2ofTestA" finished-at="2025-06-17T17:14:54 IST" duration-ms="7" status="PASS">
          <reporter-output>
          </reporter-output>
        </test-method> <!-- test2ofTestA -->
        <test-method is-config="true" signature="afterMethod()[pri:0, instance:dummyTests.TestA@65e98b1c]" started-at="2025-06-17T17:14:54 IST" name="afterMethod" finished-at="2025-06-17T17:14:54 IST" duration-ms="2" status="PASS">
          <reporter-output>
          </reporter-output>
        </test-method> <!-- afterMethod -->
        <test-method is-config="true" signature="afterClass()[pri:0, instance:dummyTests.TestA@65e98b1c]" started-at="2025-06-17T17:14:54 IST" name="afterClass" finished-at="2025-06-17T17:14:54 IST" duration-ms="1" status="PASS">
          <reporter-output>
          </reporter-output>
        </test-method> <!-- afterClass -->
      </class> <!-- dummyTests.TestA -->
    </test> <!-- Test2 -->
  </suite> <!-- Suite -->
</testng-results>
