<?xml version="1.0" encoding="UTF-8"?>
<!-- Generated by org.testng.reporters.JUnitXMLReporter -->
<testsuite ignored="0" hostname="cexs-MacBook-Air.local" failures="0" tests="4" name="Default test" time="54.304" errors="0" timestamp="2025-12-18T12:03:02 IST">
  <testcase classname="com.Testng.TestNGDataprovider" name="login" time="13.956"/>
  <testcase classname="com.Testng.TestNGDataprovider" name="login" time="11.645"/>
  <testcase classname="com.Testng.TestNGDataprovider" name="login" time="11.486"/>
  <testcase classname="com.Testng.TestNGDataprovider" name="login" time="11.481"/>
</testsuite> <!-- Default test -->
